  SystemManager.cpp
D:\Home Projects\ECS_Clean\src\SystemManager.cpp(353,27): warning C4244: 'argument': conversion from 'float' to 'int', possible loss of data
D:\Home Projects\ECS_Clean\src\SystemManager.cpp(353,18): warning C4244: 'argument': conversion from 'float' to 'int', possible loss of data
D:\Home Projects\ECS_Clean\src\SystemManager.cpp(354,23): warning C4244: 'argument': conversion from 'float' to 'int', possible loss of data
D:\Home Projects\ECS_Clean\src\SystemManager.cpp(354,16): warning C4244: 'argument': conversion from 'float' to 'int', possible loss of data
D:\Home Projects\ECS_Clean\src\SystemManager.cpp(366,38): warning C4244: 'argument': conversion from 'float' to 'int', possible loss of data
D:\Home Projects\ECS_Clean\src\SystemManager.cpp(366,22): warning C4244: 'argument': conversion from 'float' to 'int', possible loss of data
D:\Home Projects\ECS_Clean\include\ComponentArray.hpp(67,32): warning C4244: 'initializing': conversion from '__int64' to 'Entity', possible loss of data
D:\Home Projects\ECS_Clean\include\ComponentArray.hpp(50,7): message : while compiling class template member function 'void ComponentArray<T>::RemoveComponent(Entity)'
          with
          [
              T=AnimatedSprite
          ]
D:\Home Projects\ECS_Clean\include\Registry.hpp(132,1): message : see reference to class template instantiation 'ComponentArray<T>' being compiled
          with
          [
              T=AnimatedSprite
          ]
D:\Home Projects\ECS_Clean\src\SystemManager.cpp(268,38): message : see reference to function template instantiation 'T *Registry::GetComponent<AnimatedSprite>(Entity)' being compiled
          with
          [
              T=AnimatedSprite
          ]
D:\Home Projects\ECS_Clean\include\ComponentArray.hpp(35,26): warning C4267: '=': conversion from 'size_t' to '_Ty', possible loss of data
          with
          [
              _Ty=uint32_t
          ]
D:\Home Projects\ECS_Clean\include\ComponentArray.hpp(25,7): message : while compiling class template member function 'void ComponentArray<T>::AddComponent(Entity,T)'
          with
          [
              T=BoxCollider
          ]
D:\Home Projects\ECS_Clean\include\Registry.hpp(80,38): message : see the first reference to 'ComponentArray<T>::AddComponent' in 'Registry::AddComponent'
          with
          [
              T=BoxCollider
          ]
D:\Home Projects\ECS_Clean\src\SystemManager.cpp(383): warning C4715: 'SystemManager::GetSpriteSheet': not all control paths return a value
D:\Home Projects\ECS_Clean\src\SystemManager.cpp(378): warning C4172: returning address of local variable or temporary: spriteSheet
  ECS_Clean.vcxproj -> D:\Home Projects\ECS_Clean\bin\Debug\ECS_Clean.exe
